PBS Job Statistics:
PBS Job ID: 4777447.sched
Resource List: neednodes=1:ppn=1,nodes=1:ppn=1,walltime=00:15:00
Resources Used: cput=00:00:00,mem=0kb,vmem=0kb,walltime=00:00:01
Queue Name: debug12core
Program Return Code: 0
Head Node:
compute1172
/share/apps/nebula/nebula-stop-instance.sh: line 12: cd: /home/jboyko/.nebula: No such file or directory
ls: cannot access nebula-jboyko-*.yml: No such file or directory
Usage: nebula-stop-instance.sh <vmid>
Currently valid image-numbers are: 
ls: cannot access nebula-jboyko-*.yml: No such file or directory
PBS Job Statistics:
PBS Job ID: 4777447.sched
Resource List: neednodes=1:ppn=1,nodes=1:ppn=1,walltime=00:15:00
Resources Used: cput=00:00:00,mem=0kb,vmem=0kb,walltime=00:00:01
Queue Name: debug12core
Program Return Code: 0
Head Node: compute1172
