

Building a new DB, current time: 02/26/2020 08:17:22
New DB name:   /scrfs/storage/jboyko/watermelon_files/all_watermelon_nt.fasta
New DB title:  all_watermelon_nt.fasta
Sequence type: Nucleotide
Deleted existing Nucleotide BLAST database named /scrfs/storage/jboyko/watermelon_files/all_watermelon_nt.fasta
Keep MBits: T
Maximum file size: 1000000000B
FASTA-Reader: Ignoring invalid residues at position(s): On line 39: 1489, 1491, 1495-1496, 1499, 1503-1504
FASTA-Reader: Ignoring invalid residues at position(s): On line 46: 1186, 1188, 1192-1193, 1196, 1200
FASTA-Reader: Ignoring invalid residues at position(s): On line 47: 574, 576, 580-581, 584, 586-589
Adding sequences from FASTA; added 57 sequences in 0.00472903 seconds.
PBS Job Statistics:
PBS Job ID: 4777451.sched
Resource List: neednodes=1:ppn=1,nodes=1:ppn=1,walltime=00:05:00
Resources Used: cput=00:00:00,mem=0kb,vmem=0kb,walltime=00:00:01
Queue Name: debug12core
Program Return Code: 0
Head Node:
compute1172
/share/apps/nebula/nebula-stop-instance.sh: line 12: cd: /home/jboyko/.nebula: No such file or directory
ls: cannot access nebula-jboyko-*.yml: No such file or directory
Usage: nebula-stop-instance.sh <vmid>
Currently valid image-numbers are: 
ls: cannot access nebula-jboyko-*.yml: No such file or directory
PBS Job Statistics:
PBS Job ID: 4777451.sched
Resource List: neednodes=1:ppn=1,nodes=1:ppn=1,walltime=00:05:00
Resources Used: cput=00:00:00,mem=0kb,vmem=0kb,walltime=00:00:01
Queue Name: debug12core
Program Return Code: 0
Head Node: compute1172
